<?xml version="1.0" encoding="UTF-8"?>
<!-- Generated by org.testng.reporters.JUnitXMLReporter -->
<testsuite ignored="2" hostname="DESKTOP-U8J645I" failures="1" tests="1" name="TheOutPost" time="5.234" errors="0" timestamp="2024-07-24T20:28:39 IST">
  <testcase classname="HomeTest" name="verifyPrivacyBtn" time="0.018">
    <failure type="java.lang.NullPointerException">
      <![CDATA[java.lang.NullPointerException
at org.openqa.selenium.support.ui.ExpectedConditions.elementIfVisible(ExpectedConditions.java:304)
at org.openqa.selenium.support.ui.ExpectedConditions$10.apply(ExpectedConditions.java:290)
at org.openqa.selenium.support.ui.ExpectedConditions$10.apply(ExpectedConditions.java:287)
at org.openqa.selenium.support.ui.ExpectedConditions$23.apply(ExpectedConditions.java:656)
at org.openqa.selenium.support.ui.ExpectedConditions$23.apply(ExpectedConditions.java:652)
at org.openqa.selenium.support.ui.FluentWait.until(FluentWait.java:203)
at Util.WebDriverUtil.waitElementUntilClickable(WebDriverUtil.java:23)
at Pages.HomePage.checkPrivacyBtn(HomePage.java:31)
at HomeTest.verifyPrivacyBtn(HomeTest.java:35)
at java.base/java.util.ArrayList.forEach(ArrayList.java:1541)
at com.intellij.rt.testng.IDEARemoteTestNG.run(IDEARemoteTestNG.java:65)
at com.intellij.rt.testng.RemoteTestNGStarter.main(RemoteTestNGStarter.java:105)
... Removed 24 stack frames]]>
    </failure>
  </testcase> <!-- verifyPrivacyBtn -->
  <testcase classname="HomeTest" name="verifyTermsAndConditionBtn" time="0.0">
    <ignored/>
  </testcase> <!-- verifyTermsAndConditionBtn -->
  <testcase classname="HomeTest" name="verifyAboutUsBtn" time="0.0">
    <ignored/>
  </testcase> <!-- verifyAboutUsBtn -->
</testsuite> <!-- TheOutPost -->
